<?xml version="1.0" encoding="UTF-8"?>
<testng-results ignored="0" total="1" passed="1" failed="0" skipped="0">
  <reporter-output>
  </reporter-output>
  <suite started-at="2026-01-05T00:33:59 IST" name="Surefire suite" finished-at="2026-01-05T00:33:59 IST" duration-ms="16">
    <groups>
    </groups>
    <test started-at="2026-01-05T00:33:59 IST" name="Surefire test" finished-at="2026-01-05T00:33:59 IST" duration-ms="16">
      <class name="com.interviewPractice2026.interviewPractice2026.AppTest">
        <test-method signature="testApp()[pri:0, instance:testApp(com.interviewPractice2026.interviewPractice2026.AppTest)]" started-at="2026-01-05T00:33:59 IST" name="testApp" finished-at="2026-01-05T00:33:59 IST" duration-ms="2" status="PASS">
          <reporter-output>
          </reporter-output>
        </test-method> <!-- testApp -->
      </class> <!-- com.interviewPractice2026.interviewPractice2026.AppTest -->
    </test> <!-- Surefire test -->
  </suite> <!-- Surefire suite -->
</testng-results>
